<?xml version="1.0" encoding="UTF-8"?>
<testng-results ignored="0" total="1" passed="1" failed="0" skipped="0">
  <reporter-output>
  </reporter-output>
  <suite started-at="2025-02-04T12:06:32 IST" name="Default suite" finished-at="2025-02-04T12:06:32 IST" duration-ms="54">
    <groups>
    </groups>
    <test started-at="2025-02-04T12:06:32 IST" name="Default test" finished-at="2025-02-04T12:06:32 IST" duration-ms="54">
      <class name="com.crm.Demo.Practice">
        <test-method signature="Practice1()[pri:0, instance:com.crm.Demo.Practice@1e1a0406]" started-at="2025-02-04T12:06:32 IST" name="Practice1" finished-at="2025-02-04T12:06:32 IST" duration-ms="7" status="PASS">
          <reporter-output>
          </reporter-output>
        </test-method> <!-- Practice1 -->
      </class> <!-- com.crm.Demo.Practice -->
    </test> <!-- Default test -->
  </suite> <!-- Default suite -->
</testng-results>
